<?xml version="1.0" encoding="UTF-8"?>
<!-- Generated by org.testng.reporters.JUnitXMLReporter -->
<testsuite hostname="Colosseum.local" name="Sanity_Test_1" tests="4" failures="1" timestamp="9 Jun 2015 06:49:09 GMT" time="121.571" errors="0">
  <testcase name="testAppInstallation" time="1.58" classname="com.bloomz.tests.SanityTest">
    <failure type="java.lang.AssertionError" message="App is not Installed">
      <![CDATA[java.lang.AssertionError: App is not Installed
	at org.junit.Assert.fail(Assert.java:88)
	at org.junit.Assert.assertTrue(Assert.java:41)
	at com.bloomz.tests.SanityTest.testAppInstallation(SanityTest.java:22)
... Removed 24 stack frames]]>
    </failure>
  </testcase> <!-- testAppInstallation -->
  <testcase name="testAppLauch" time="4.224" classname="com.bloomz.tests.SanityTest"/>
  <testcase name="testSignIn" time="8.989" classname="com.bloomz.tests.SanityTest"/>
  <testcase name="testSignUp" time="9.556" classname="com.bloomz.tests.SanityTest"/>
</testsuite> <!-- Sanity_Test_1 -->
